{
  "stats": {
    "suites": 2,
    "tests": 5,
    "passes": 5,
    "pending": 0,
    "failures": 0,
    "start": "2023-11-22T21:24:15.659Z",
    "end": "2023-11-22T21:24:22.228Z",
    "duration": 6569,
    "testsRegistered": 5,
    "passPercent": 100,
    "pendingPercent": 0,
    "other": 0,
    "hasOther": false,
    "skipped": 0,
    "hasSkipped": false
  },
  "results": [
    {
      "uuid": "d29e089f-0b08-4012-9da0-6e5db2fb9809",
      "title": "",
      "fullFile": "cypress/integration/todo.spec.js",
      "file": "cypress/integration/todo.spec.js",
      "beforeHooks": [],
      "afterHooks": [],
      "tests": [],
      "suites": [
        {
          "uuid": "d65ff2a8-3201-44ba-88c1-e14c4b46de9c",
          "title": "todo application",
          "fullFile": "",
          "file": "",
          "beforeHooks": [],
          "afterHooks": [],
          "tests": [
            {
              "title": "can add new task",
              "fullTitle": "todo application can add new task",
              "timedOut": null,
              "duration": 1188,
              "state": "passed",
              "speed": "fast",
              "pass": true,
              "fail": false,
              "pending": false,
              "context": null,
              "code": "_todoPage.default.addTodoItem(firstTask);\n_todoPage.default.assertTodoItem(firstTask);",
              "err": {},
              "uuid": "44f6d5cd-1521-494f-aa52-b59973750173",
              "parentUUID": "d65ff2a8-3201-44ba-88c1-e14c4b46de9c",
              "isHook": false,
              "skipped": false
            },
            {
              "title": "can check off a task as completed",
              "fullTitle": "todo application can check off a task as completed",
              "timedOut": null,
              "duration": 748,
              "state": "passed",
              "speed": "fast",
              "pass": true,
              "fail": false,
              "pending": false,
              "context": null,
              "code": "_todoPage.default.addTodoItem(secondTask);\n_todoPage.default.checkOffTodoItem(secondTask);\n_todoPage.default.assertTodoItemCompleted(secondTask);",
              "err": {},
              "uuid": "0692c9c8-d19a-47a8-8eb0-bea9a3d2c2df",
              "parentUUID": "d65ff2a8-3201-44ba-88c1-e14c4b46de9c",
              "isHook": false,
              "skipped": false
            },
            {
              "title": "can delete task",
              "fullTitle": "todo application can delete task",
              "timedOut": null,
              "duration": 717,
              "state": "passed",
              "speed": "fast",
              "pass": true,
              "fail": false,
              "pending": false,
              "context": null,
              "code": "_todoPage.default.addTodoItem(secondTask);\n_todoPage.default.checkOffTodoItem(secondTask);\n_todoPage.default.clearCompletedTasks();\n_todoPage.default.assertClearCompletedNotExists();",
              "err": {},
              "uuid": "78cc217a-c961-41eb-b436-f75e358cf79c",
              "parentUUID": "d65ff2a8-3201-44ba-88c1-e14c4b46de9c",
              "isHook": false,
              "skipped": false
            }
          ],
          "suites": [
            {
              "uuid": "2263c5a1-bb65-4fcd-a475-412e85074c34",
              "title": "can filter tasks",
              "fullFile": "",
              "file": "",
              "beforeHooks": [],
              "afterHooks": [],
              "tests": [
                {
                  "title": "can filter for uncompleted tasks",
                  "fullTitle": "todo application can filter tasks can filter for uncompleted tasks",
                  "timedOut": null,
                  "duration": 908,
                  "state": "passed",
                  "speed": "fast",
                  "pass": true,
                  "fail": false,
                  "pending": false,
                  "context": null,
                  "code": "_todoPage.default.filterForTasks('Active');\n_todoPage.default.assertTaskCountAndText(1, secondTask);",
                  "err": {},
                  "uuid": "e60e97dd-d97c-449f-b837-dc566f22a0d9",
                  "parentUUID": "2263c5a1-bb65-4fcd-a475-412e85074c34",
                  "isHook": false,
                  "skipped": false
                },
                {
                  "title": "can filter for completed tasks",
                  "fullTitle": "todo application can filter tasks can filter for completed tasks",
                  "timedOut": null,
                  "duration": 940,
                  "state": "passed",
                  "speed": "fast",
                  "pass": true,
                  "fail": false,
                  "pending": false,
                  "context": null,
                  "code": "_todoPage.default.filterForTasks('Completed');\n_todoPage.default.assertTaskCountAndText(1, firstTask);",
                  "err": {},
                  "uuid": "8f568f06-a38c-4461-a9d1-7bfbb80fb401",
                  "parentUUID": "2263c5a1-bb65-4fcd-a475-412e85074c34",
                  "isHook": false,
                  "skipped": false
                }
              ],
              "suites": [],
              "passes": [
                "e60e97dd-d97c-449f-b837-dc566f22a0d9",
                "8f568f06-a38c-4461-a9d1-7bfbb80fb401"
              ],
              "failures": [],
              "pending": [],
              "skipped": [],
              "duration": 1848,
              "root": false,
              "rootEmpty": false,
              "_timeout": 2000
            }
          ],
          "passes": [
            "44f6d5cd-1521-494f-aa52-b59973750173",
            "0692c9c8-d19a-47a8-8eb0-bea9a3d2c2df",
            "78cc217a-c961-41eb-b436-f75e358cf79c"
          ],
          "failures": [],
          "pending": [],
          "skipped": [],
          "duration": 2653,
          "root": false,
          "rootEmpty": false,
          "_timeout": 2000
        }
      ],
      "passes": [],
      "failures": [],
      "pending": [],
      "skipped": [],
      "duration": 0,
      "root": true,
      "rootEmpty": true,
      "_timeout": 2000
    }
  ],
  "meta": {
    "mocha": {
      "version": "7.0.1"
    },
    "mochawesome": {
      "options": {
        "quiet": false,
        "reportFilename": "mochawesome",
        "saveHtml": true,
        "saveJson": true,
        "consoleReporter": "spec",
        "useInlineDiffs": false,
        "code": true
      },
      "version": "7.1.3"
    },
    "marge": {
      "options": null,
      "version": "6.2.0"
    }
  }
}