{
  "stats": {
    "suites": 2,
    "tests": 5,
    "passes": 5,
    "pending": 0,
    "failures": 0,
    "start": "2023-11-23T07:29:23.368Z",
    "end": "2023-11-23T07:29:29.753Z",
    "duration": 6385,
    "testsRegistered": 5,
    "passPercent": 100,
    "pendingPercent": 0,
    "other": 0,
    "hasOther": false,
    "skipped": 0,
    "hasSkipped": false
  },
  "results": [
    {
      "uuid": "26e0d779-debc-43eb-8e09-033fa1ec0b7c",
      "title": "",
      "fullFile": "cypress/integration/todo.spec.js",
      "file": "cypress/integration/todo.spec.js",
      "beforeHooks": [],
      "afterHooks": [],
      "tests": [],
      "suites": [
        {
          "uuid": "b6334e76-582f-42c3-9648-79e1aedda81b",
          "title": "todo application",
          "fullFile": "",
          "file": "",
          "beforeHooks": [],
          "afterHooks": [],
          "tests": [
            {
              "title": "can add new task",
              "fullTitle": "todo application can add new task",
              "timedOut": null,
              "duration": 1451,
              "state": "passed",
              "speed": "fast",
              "pass": true,
              "fail": false,
              "pending": false,
              "context": null,
              "code": "_todoPage.default.addTodoItem(firstTask);\n_todoPage.default.assertTodoItem(firstTask);",
              "err": {},
              "uuid": "93cb5c3d-0f68-453a-a014-4edb1eab66c2",
              "parentUUID": "b6334e76-582f-42c3-9648-79e1aedda81b",
              "isHook": false,
              "skipped": false
            },
            {
              "title": "can check off a task as completed",
              "fullTitle": "todo application can check off a task as completed",
              "timedOut": null,
              "duration": 557,
              "state": "passed",
              "speed": "fast",
              "pass": true,
              "fail": false,
              "pending": false,
              "context": null,
              "code": "_todoPage.default.addTodoItem(secondTask);\n_todoPage.default.checkOffTodoItem(secondTask);\n_todoPage.default.assertTodoItemCompleted(secondTask);",
              "err": {},
              "uuid": "240d7bc1-0076-4e3e-881a-a2f13402540c",
              "parentUUID": "b6334e76-582f-42c3-9648-79e1aedda81b",
              "isHook": false,
              "skipped": false
            },
            {
              "title": "can delete task",
              "fullTitle": "todo application can delete task",
              "timedOut": null,
              "duration": 624,
              "state": "passed",
              "speed": "fast",
              "pass": true,
              "fail": false,
              "pending": false,
              "context": null,
              "code": "_todoPage.default.addTodoItem(secondTask);\n_todoPage.default.checkOffTodoItem(secondTask);\n_todoPage.default.clearCompletedTasks();\n_todoPage.default.assertClearCompletedNotExists();",
              "err": {},
              "uuid": "86c8ca53-da2a-4c72-855a-fbb3b9d5c56c",
              "parentUUID": "b6334e76-582f-42c3-9648-79e1aedda81b",
              "isHook": false,
              "skipped": false
            }
          ],
          "suites": [
            {
              "uuid": "1769ced2-a276-4488-951d-3881467d8649",
              "title": "can filter tasks",
              "fullFile": "",
              "file": "",
              "beforeHooks": [],
              "afterHooks": [],
              "tests": [
                {
                  "title": "can filter for uncompleted tasks",
                  "fullTitle": "todo application can filter tasks can filter for uncompleted tasks",
                  "timedOut": null,
                  "duration": 817,
                  "state": "passed",
                  "speed": "fast",
                  "pass": true,
                  "fail": false,
                  "pending": false,
                  "context": null,
                  "code": "_todoPage.default.filterForTasks('Active');\n_todoPage.default.assertTaskCountAndText(1, secondTask);",
                  "err": {},
                  "uuid": "b86885b9-b12a-4288-b4fd-8f2deff16735",
                  "parentUUID": "1769ced2-a276-4488-951d-3881467d8649",
                  "isHook": false,
                  "skipped": false
                },
                {
                  "title": "can filter for completed tasks",
                  "fullTitle": "todo application can filter tasks can filter for completed tasks",
                  "timedOut": null,
                  "duration": 809,
                  "state": "passed",
                  "speed": "fast",
                  "pass": true,
                  "fail": false,
                  "pending": false,
                  "context": null,
                  "code": "_todoPage.default.filterForTasks('Completed');\n_todoPage.default.assertTaskCountAndText(1, firstTask);",
                  "err": {},
                  "uuid": "350d60e8-5807-4835-91df-fb766ba99fda",
                  "parentUUID": "1769ced2-a276-4488-951d-3881467d8649",
                  "isHook": false,
                  "skipped": false
                }
              ],
              "suites": [],
              "passes": [
                "b86885b9-b12a-4288-b4fd-8f2deff16735",
                "350d60e8-5807-4835-91df-fb766ba99fda"
              ],
              "failures": [],
              "pending": [],
              "skipped": [],
              "duration": 1626,
              "root": false,
              "rootEmpty": false,
              "_timeout": 2000
            }
          ],
          "passes": [
            "93cb5c3d-0f68-453a-a014-4edb1eab66c2",
            "240d7bc1-0076-4e3e-881a-a2f13402540c",
            "86c8ca53-da2a-4c72-855a-fbb3b9d5c56c"
          ],
          "failures": [],
          "pending": [],
          "skipped": [],
          "duration": 2632,
          "root": false,
          "rootEmpty": false,
          "_timeout": 2000
        }
      ],
      "passes": [],
      "failures": [],
      "pending": [],
      "skipped": [],
      "duration": 0,
      "root": true,
      "rootEmpty": true,
      "_timeout": 2000
    }
  ],
  "meta": {
    "mocha": {
      "version": "7.0.1"
    },
    "mochawesome": {
      "options": {
        "quiet": false,
        "reportFilename": "mochawesome",
        "saveHtml": true,
        "saveJson": true,
        "consoleReporter": "spec",
        "useInlineDiffs": false,
        "code": true
      },
      "version": "7.1.3"
    },
    "marge": {
      "options": null,
      "version": "6.2.0"
    }
  }
}